<?xml version="1.0" encoding="UTF-8"?>
<testsuite name="a64c4287d540"
           tests="3"
           failures="1"
           errors="0"
           skipped="0"
           time="46.715">
  <properties />
            <testcase name="t003_guanzhu" time="13.824" classname="cn.crazy.appium.testcases.ZhihuZhihuTest">
                <failure type="java.lang.AssertionError"
                  message="null"
              >
<![CDATA[java.lang.AssertionError: null
  org.testng.Assert.fail(Assert.java:94)
  org.testng.Assert.fail(Assert.java:101)
  cn.crazy.appium.testng.Assertion.fail(Assertion.java:66)
  cn.crazy.appium.testng.Assertion.assertEquals(Assertion.java:20)
  cn.crazy.appium.testcases.ZhihuZhihuTest.t003_guanzhu(ZhihuZhihuTest.java:75)
  sun.reflect.NativeMethodAccessorImpl.invoke0(Native Method)
  sun.reflect.NativeMethodAccessorImpl.invoke(Unknown Source)
  sun.reflect.DelegatingMethodAccessorImpl.invoke(Unknown Source)
  java.lang.reflect.Method.invoke(Unknown Source)
  org.testng.internal.MethodInvocationHelper.invokeMethod(MethodInvocationHelper.java:85)
  org.testng.internal.Invoker.invokeMethod(Invoker.java:639)
  org.testng.internal.Invoker.invokeTestMethod(Invoker.java:816)
  org.testng.internal.Invoker.invokeTestMethods(Invoker.java:1124)
  org.testng.internal.TestMethodWorker.invokeTestMethods(TestMethodWorker.java:125)
  org.testng.internal.TestMethodWorker.run(TestMethodWorker.java:108)
  org.testng.TestRunner.privateRun(TestRunner.java:774)
  org.testng.TestRunner.run(TestRunner.java:624)
  org.testng.SuiteRunner.runTest(SuiteRunner.java:359)
  org.testng.SuiteRunner.access$000(SuiteRunner.java:39)
  org.testng.SuiteRunner$SuiteWorker.run(SuiteRunner.java:393)
  org.testng.internal.thread.ThreadUtil$2.call(ThreadUtil.java:64)
  java.util.concurrent.FutureTask.run(Unknown Source)
  java.util.concurrent.ThreadPoolExecutor.runWorker(Unknown Source)
  java.util.concurrent.ThreadPoolExecutor$Worker.run(Unknown Source)
  java.lang.Thread.run(Unknown Source)
]]>
      </failure>

          </testcase>
  
  
            <testcase name="t002_search" time="10.649" classname="cn.crazy.appium.testcases.ZhihuZhihuTest" />
                <testcase name="t001_login" time="22.242" classname="cn.crazy.appium.testcases.ZhihuZhihuTest" />
      
</testsuite>
