<?xml version="1.0" encoding="UTF-8"?>
<testng-results skipped="0" failed="1" total="3" passed="2">
  <reporter-output>
    <line>
      <![CDATA[<a href=http://localhost:8080/10_1535012711766guanzhuError.png target=_blank>失败截图</a>]]>
    </line>
    <line>
      <![CDATA[<img src=http://localhost:8080/10_1535012711766guanzhuError.png style=width:30px;height:30px img/>]]>
    </line>
  </reporter-output>
  <suite name="Suite" duration-ms="100850" started-at="2018-08-23T08:23:46Z" finished-at="2018-08-23T08:25:26Z">
    <groups>
    </groups>
    <test name="a64c4287d540" duration-ms="100850" started-at="2018-08-23T08:23:46Z" finished-at="2018-08-23T08:25:26Z">
      <class name="cn.crazy.appium.testcases.ZhihuZhihuTest">
        <test-method status="PASS" signature="beforeclass(java.lang.String, java.lang.String)[pri:0, instance:cn.crazy.appium.testcases.ZhihuZhihuTest@5e57643e]" name="beforeclass" is-config="true" duration-ms="35495" started-at="2018-08-23T16:23:46Z" finished-at="2018-08-23T16:24:21Z">
          <params>
            <param index="0">
              <value>
                <![CDATA[a64c4287d540]]>
              </value>
            </param>
            <param index="1">
              <value>
                <![CDATA[4491]]>
              </value>
            </param>
          </params>
          <reporter-output>
          </reporter-output>
        </test-method> <!-- beforeclass -->
        <test-method status="PASS" signature="t001_login()[pri:0, instance:cn.crazy.appium.testcases.ZhihuZhihuTest@5e57643e]" name="t001_login" duration-ms="22242" started-at="2018-08-23T16:24:21Z" finished-at="2018-08-23T16:24:43Z">
          <reporter-output>
          </reporter-output>
        </test-method> <!-- t001_login -->
        <test-method status="PASS" signature="restartapp()[pri:0, instance:cn.crazy.appium.testcases.ZhihuZhihuTest@5e57643e]" name="restartapp" is-config="true" duration-ms="2235" started-at="2018-08-23T16:24:43Z" finished-at="2018-08-23T16:24:46Z">
          <reporter-output>
          </reporter-output>
        </test-method> <!-- restartapp -->
        <test-method status="PASS" signature="t002_search()[pri:0, instance:cn.crazy.appium.testcases.ZhihuZhihuTest@5e57643e]" name="t002_search" duration-ms="10649" started-at="2018-08-23T16:24:46Z" finished-at="2018-08-23T16:24:56Z">
          <reporter-output>
          </reporter-output>
        </test-method> <!-- t002_search -->
        <test-method status="PASS" signature="restartapp()[pri:0, instance:cn.crazy.appium.testcases.ZhihuZhihuTest@5e57643e]" name="restartapp" is-config="true" duration-ms="2276" started-at="2018-08-23T16:24:56Z" finished-at="2018-08-23T16:24:58Z">
          <reporter-output>
          </reporter-output>
        </test-method> <!-- restartapp -->
        <test-method status="FAIL" signature="t003_guanzhu()[pri:0, instance:cn.crazy.appium.testcases.ZhihuZhihuTest@5e57643e]" name="t003_guanzhu" duration-ms="13824" started-at="2018-08-23T16:24:58Z" finished-at="2018-08-23T16:25:12Z">
          <exception class="java.lang.AssertionError">
            <message>
              <![CDATA[null]]>
            </message>
            <full-stacktrace>
              <![CDATA[java.lang.AssertionError: null
	at org.testng.Assert.fail(Assert.java:94)
	at org.testng.Assert.fail(Assert.java:101)
	at cn.crazy.appium.testng.Assertion.fail(Assertion.java:66)
	at cn.crazy.appium.testng.Assertion.assertEquals(Assertion.java:20)
	at cn.crazy.appium.testcases.ZhihuZhihuTest.t003_guanzhu(ZhihuZhihuTest.java:75)
	at sun.reflect.NativeMethodAccessorImpl.invoke0(Native Method)
	at sun.reflect.NativeMethodAccessorImpl.invoke(Unknown Source)
	at sun.reflect.DelegatingMethodAccessorImpl.invoke(Unknown Source)
	at java.lang.reflect.Method.invoke(Unknown Source)
	at org.testng.internal.MethodInvocationHelper.invokeMethod(MethodInvocationHelper.java:85)
	at org.testng.internal.Invoker.invokeMethod(Invoker.java:639)
	at org.testng.internal.Invoker.invokeTestMethod(Invoker.java:816)
	at org.testng.internal.Invoker.invokeTestMethods(Invoker.java:1124)
	at org.testng.internal.TestMethodWorker.invokeTestMethods(TestMethodWorker.java:125)
	at org.testng.internal.TestMethodWorker.run(TestMethodWorker.java:108)
	at org.testng.TestRunner.privateRun(TestRunner.java:774)
	at org.testng.TestRunner.run(TestRunner.java:624)
	at org.testng.SuiteRunner.runTest(SuiteRunner.java:359)
	at org.testng.SuiteRunner.access$000(SuiteRunner.java:39)
	at org.testng.SuiteRunner$SuiteWorker.run(SuiteRunner.java:393)
	at org.testng.internal.thread.ThreadUtil$2.call(ThreadUtil.java:64)
	at java.util.concurrent.FutureTask.run(Unknown Source)
	at java.util.concurrent.ThreadPoolExecutor.runWorker(Unknown Source)
	at java.util.concurrent.ThreadPoolExecutor$Worker.run(Unknown Source)
	at java.lang.Thread.run(Unknown Source)
]]>
            </full-stacktrace>
          </exception> <!-- java.lang.AssertionError -->
          <reporter-output>
            <line>
              <![CDATA[<a href=http://localhost:8080/10_1535012711766guanzhuError.png target=_blank>失败截图</a>]]>
            </line>
            <line>
              <![CDATA[<img src=http://localhost:8080/10_1535012711766guanzhuError.png style=width:30px;height:30px img/>]]>
            </line>
          </reporter-output>
        </test-method> <!-- t003_guanzhu -->
        <test-method status="PASS" signature="restartapp()[pri:0, instance:cn.crazy.appium.testcases.ZhihuZhihuTest@5e57643e]" name="restartapp" is-config="true" duration-ms="2281" started-at="2018-08-23T16:25:12Z" finished-at="2018-08-23T16:25:15Z">
          <reporter-output>
          </reporter-output>
        </test-method> <!-- restartapp -->
        <test-method status="PASS" signature="afterclass()[pri:0, instance:cn.crazy.appium.testcases.ZhihuZhihuTest@5e57643e]" name="afterclass" is-config="true" duration-ms="11839" started-at="2018-08-23T16:25:15Z" finished-at="2018-08-23T16:25:26Z">
          <reporter-output>
          </reporter-output>
        </test-method> <!-- afterclass -->
      </class> <!-- cn.crazy.appium.testcases.ZhihuZhihuTest -->
    </test> <!-- a64c4287d540 -->
  </suite> <!-- Suite -->
</testng-results>
